This is pdfTeX, Version 3.1415926-1.40.10 (TeX Live 2009/Debian) (format=latex 2012.2.16)  6 APR 2012 16:38
entering extended mode
 %&-line parsing enabled.
**final_year_report_draft.tex
(./final_year_report_draft.tex
LaTeX2e <2009/09/24>
Babel <v3.8l> and hyphenation patterns for english, usenglishmax, dumylang, noh
yphenation, loaded.
(/usr/share/texmf-texlive/tex/latex/base/report.cls
Document Class: report 2007/10/19 v1.4h Standard LaTeX document class
(/usr/share/texmf-texlive/tex/latex/base/size12.clo
File: size12.clo 2007/10/19 v1.4h Standard LaTeX file (size option)
)
\c@part=\count79
\c@chapter=\count80
\c@section=\count81
\c@subsection=\count82
\c@subsubsection=\count83
\c@paragraph=\count84
\c@subparagraph=\count85
\c@figure=\count86
\c@table=\count87
\abovecaptionskip=\skip41
\belowcaptionskip=\skip42
\bibindent=\dimen102
)
(/usr/share/texmf-texlive/tex/latex/setspace/setspace.sty
Package: setspace 2000/12/01 6.7 Contributed and Supported LaTeX2e package

Package: `setspace' 6.7 <2000/12/01>
) (/usr/share/texmf-texlive/tex/latex/graphics/graphicx.sty
Package: graphicx 1999/02/16 v1.0f Enhanced LaTeX Graphics (DPC,SPQR)

(/usr/share/texmf-texlive/tex/latex/graphics/keyval.sty
Package: keyval 1999/03/16 v1.13 key=value parser (DPC)
\KV@toks@=\toks14
)
(/usr/share/texmf-texlive/tex/latex/graphics/graphics.sty
Package: graphics 2009/02/05 v1.0o Standard LaTeX Graphics (DPC,SPQR)

(/usr/share/texmf-texlive/tex/latex/graphics/trig.sty
Package: trig 1999/03/16 v1.09 sin cos tan (DPC)
)
(/etc/texmf/tex/latex/config/graphics.cfg
File: graphics.cfg 2009/08/28 v1.8 graphics configuration of TeX Live
)
Package graphics Info: Driver file: dvips.def on input line 91.

(/usr/share/texmf-texlive/tex/latex/graphics/dvips.def
File: dvips.def 1999/02/16 v3.0i Driver-dependant file (DPC,SPQR)
))
\Gin@req@height=\dimen103
\Gin@req@width=\dimen104
)
(/usr/share/texmf-texlive/tex/latex/caption/caption.sty
Package: caption 2009/10/09 v3.1k Customizing captions (AR)

(/usr/share/texmf-texlive/tex/latex/caption/caption3.sty
Package: caption3 2009/10/09 v3.1k caption3 kernel (AR)
\captionmargin=\dimen105
\captionmargin@=\dimen106
\captionwidth=\dimen107
\caption@indent=\dimen108
\caption@parindent=\dimen109
\caption@hangindent=\dimen110
)
\c@ContinuedFloat=\count88
)
(/usr/share/texmf-texlive/tex/latex/multirow/multirow.sty
\bigstrutjot=\dimen111
)
(/usr/share/texmf-texlive/tex/latex/amsmath/amsmath.sty
Package: amsmath 2000/07/18 v2.13 AMS math features
\@mathmargin=\skip43

For additional information on amsmath, use the `?' option.
(/usr/share/texmf-texlive/tex/latex/amsmath/amstext.sty
Package: amstext 2000/06/29 v2.01

(/usr/share/texmf-texlive/tex/latex/amsmath/amsgen.sty
File: amsgen.sty 1999/11/30 v2.0
\@emptytoks=\toks15
\ex@=\dimen112
))
(/usr/share/texmf-texlive/tex/latex/amsmath/amsbsy.sty
Package: amsbsy 1999/11/29 v1.2d
\pmbraise@=\dimen113
)
(/usr/share/texmf-texlive/tex/latex/amsmath/amsopn.sty
Package: amsopn 1999/12/14 v2.01 operator names
)
\inf@bad=\count89
LaTeX Info: Redefining \frac on input line 211.
\uproot@=\count90
\leftroot@=\count91
LaTeX Info: Redefining \overline on input line 307.
\classnum@=\count92
\DOTSCASE@=\count93
LaTeX Info: Redefining \ldots on input line 379.
LaTeX Info: Redefining \dots on input line 382.
LaTeX Info: Redefining \cdots on input line 467.
\Mathstrutbox@=\box26
\strutbox@=\box27
\big@size=\dimen114
LaTeX Font Info:    Redeclaring font encoding OML on input line 567.
LaTeX Font Info:    Redeclaring font encoding OMS on input line 568.
\macc@depth=\count94
\c@MaxMatrixCols=\count95
\dotsspace@=\muskip10
\c@parentequation=\count96
\dspbrk@lvl=\count97
\tag@help=\toks16
\row@=\count98
\column@=\count99
\maxfields@=\count100
\andhelp@=\toks17
\eqnshift@=\dimen115
\alignsep@=\dimen116
\tagshift@=\dimen117
\tagwidth@=\dimen118
\totwidth@=\dimen119
\lineht@=\dimen120
\@envbody=\toks18
\multlinegap=\skip44
\multlinetaggap=\skip45
\mathdisplay@stack=\toks19
LaTeX Info: Redefining \[ on input line 2666.
LaTeX Info: Redefining \] on input line 2667.
)
(/usr/share/texmf-texlive/tex/latex/amsfonts/amsfonts.sty
Package: amsfonts 2009/06/22 v3.00 Basic AMSFonts support
\symAMSa=\mathgroup4
\symAMSb=\mathgroup5
LaTeX Font Info:    Overwriting math alphabet `\mathfrak' in version `bold'
(Font)                  U/euf/m/n --> U/euf/b/n on input line 96.
)
(/usr/share/texmf-texlive/tex/latex/amsfonts/amssymb.sty
Package: amssymb 2009/06/22 v3.00
)
(/usr/share/texmf-texlive/tex/latex/wrapfig/wrapfig.sty
\wrapoverhang=\dimen121
\WF@size=\dimen122
\c@WF@wrappedlines=\count101
\WF@box=\box28
\WF@everypar=\toks20
Package: wrapfig 2003/01/31  v 3.6
)
(/usr/share/texmf-texlive/tex/latex/hyperref/hyperref.sty
Package: hyperref 2009/10/09 v6.79a Hypertext links for LaTeX

(/usr/share/texmf-texlive/tex/generic/oberdiek/ifpdf.sty
Package: ifpdf 2009/04/10 v2.0 Provides the ifpdf switch (HO)
Package ifpdf Info: pdfTeX in pdf mode not detected.
)
(/usr/share/texmf-texlive/tex/generic/oberdiek/ifvtex.sty
Package: ifvtex 2008/11/04 v1.4 Switches for detecting VTeX and its modes (HO)
Package ifvtex Info: VTeX not detected.
)
(/usr/share/texmf-texlive/tex/generic/ifxetex/ifxetex.sty
Package: ifxetex 2009/01/23 v0.5 Provides ifxetex conditional
)
(/usr/share/texmf-texlive/tex/latex/oberdiek/hycolor.sty
Package: hycolor 2009/10/02 v1.5 Code for color options of hyperref/bookmark (H
O)

(/usr/share/texmf-texlive/tex/latex/oberdiek/xcolor-patch.sty
Package: xcolor-patch 2009/10/02 xcolor patch
))
\@linkdim=\dimen123
\Hy@linkcounter=\count102
\Hy@pagecounter=\count103

(/usr/share/texmf-texlive/tex/latex/hyperref/pd1enc.def
File: pd1enc.def 2009/10/09 v6.79a Hyperref: PDFDocEncoding definition (HO)
)
(/usr/share/texmf-texlive/tex/generic/oberdiek/etexcmds.sty
Package: etexcmds 2007/12/12 v1.2 Prefix for e-TeX command names (HO)

(/usr/share/texmf-texlive/tex/generic/oberdiek/infwarerr.sty
Package: infwarerr 2007/09/09 v1.2 Providing info/warning/message (HO)
)
Package etexcmds Info: Could not find \expanded.
(etexcmds)             That can mean that you are not using pdfTeX 1.50 or
(etexcmds)             that some package has redefined \expanded.
(etexcmds)             In the latter case, load this package earlier.
)
(/usr/share/texmf-texlive/tex/latex/latexconfig/hyperref.cfg
File: hyperref.cfg 2002/06/06 v1.2 hyperref configuration of TeXLive
)
(/usr/share/texmf-texlive/tex/latex/oberdiek/kvoptions.sty
Package: kvoptions 2009/08/13 v3.4 Keyval support for LaTeX options (HO)

(/usr/share/texmf-texlive/tex/generic/oberdiek/kvsetkeys.sty
Package: kvsetkeys 2009/07/30 v1.5 Key value parser with default handler suppor
t (HO)
))
Package hyperref Info: Hyper figures OFF on input line 2975.
Package hyperref Info: Link nesting OFF on input line 2980.
Package hyperref Info: Hyper index ON on input line 2983.
Package hyperref Info: Plain pages OFF on input line 2990.
Package hyperref Info: Backreferencing OFF on input line 2995.

Implicit mode ON; LaTeX internals redefined
Package hyperref Info: Bookmarks ON on input line 3191.
(/usr/share/texmf-texlive/tex/latex/ltxmisc/url.sty
\Urlmuskip=\muskip11
Package: url 2006/04/12  ver 3.3  Verb mode for urls, etc.
)
LaTeX Info: Redefining \url on input line 3428.

(/usr/share/texmf-texlive/tex/generic/oberdiek/bitset.sty
Package: bitset 2007/09/28 v1.0 Data type bit set (HO)

(/usr/share/texmf-texlive/tex/generic/oberdiek/intcalc.sty
Package: intcalc 2007/09/27 v1.1 Expandable integer calculations (HO)
)
(/usr/share/texmf-texlive/tex/generic/oberdiek/bigintcalc.sty
Package: bigintcalc 2007/11/11 v1.1 Expandable big integer calculations (HO)

(/usr/share/texmf-texlive/tex/generic/oberdiek/pdftexcmds.sty
Package: pdftexcmds 2009/09/23 v0.6 LuaTeX support for pdfTeX utility functions
 (HO)

(/usr/share/texmf-texlive/tex/generic/oberdiek/ifluatex.sty
Package: ifluatex 2009/04/17 v1.2 Provides the ifluatex switch (HO)
Package ifluatex Info: LuaTeX not detected.
)
(/usr/share/texmf-texlive/tex/generic/oberdiek/ltxcmds.sty
Package: ltxcmds 2009/08/05 v1.0 Some LaTeX kernel commands for general use (HO
)
)
Package pdftexcmds Info: LuaTeX not detected.
Package pdftexcmds Info: \pdf@primitive is available.
Package pdftexcmds Info: \pdf@ifprimitive is available.
)))
\Fld@menulength=\count104
\Field@Width=\dimen124
\Fld@charsize=\dimen125
\Field@toks=\toks21
Package hyperref Info: Hyper figures OFF on input line 4377.
Package hyperref Info: Link nesting OFF on input line 4382.
Package hyperref Info: Hyper index ON on input line 4385.
Package hyperref Info: backreferencing OFF on input line 4392.
Package hyperref Info: Link coloring OFF on input line 4397.
Package hyperref Info: Link coloring with OCG OFF on input line 4402.
Package hyperref Info: PDF/A mode OFF on input line 4407.

(/usr/share/texmf-texlive/tex/generic/oberdiek/atbegshi.sty
Package: atbegshi 2008/07/31 v1.9 At begin shipout hook (HO)
)
\Hy@abspage=\count105
\c@Item=\count106
\c@Hfootnote=\count107
)
*hyperref using default driver hdvips*
(/usr/share/texmf-texlive/tex/latex/hyperref/hdvips.def
File: hdvips.def 2009/10/09 v6.79a Hyperref driver for dvips

(/usr/share/texmf-texlive/tex/latex/hyperref/pdfmark.def
File: pdfmark.def 2009/10/09 v6.79a Hyperref definitions for pdfmark specials
\pdf@docset=\toks22
\pdf@box=\box29
\pdf@toks=\toks23
\pdf@defaulttoks=\toks24
\Fld@listcount=\count108
))
(/usr/share/texmf-texlive/tex/latex/listings/listings.sty
\lst@mode=\count109
\lst@gtempboxa=\box30
\lst@token=\toks25
\lst@length=\count110
\lst@currlwidth=\dimen126
\lst@column=\count111
\lst@pos=\count112
\lst@lostspace=\dimen127
\lst@width=\dimen128
\lst@newlines=\count113
\lst@lineno=\count114
\lst@maxwidth=\dimen129

(/usr/share/texmf-texlive/tex/latex/listings/lstmisc.sty
File: lstmisc.sty 2007/02/22 1.4 (Carsten Heinz)
\c@lstnumber=\count115
\lst@skipnumbers=\count116
\lst@framebox=\box31
)
(/usr/share/texmf-texlive/tex/latex/listings/listings.cfg
File: listings.cfg 2007/02/22 1.4 listings configuration
))
Package: listings 2007/02/22 1.4 (Carsten Heinz)

(/usr/share/texmf-texlive/tex/latex/float/float.sty
Package: float 2001/11/08 v1.3d Float enhancements (AL)
\c@float@type=\count117
\float@exts=\toks26
\float@box=\box32
\@float@everytoks=\toks27
\@floatcapt=\box33
)
\@float@every@figure=\toks28

(/usr/share/texmf-texlive/tex/latex/fancyhdr/fancyhdr.sty
\fancy@headwidth=\skip46
\f@ncyO@elh=\skip47
\f@ncyO@erh=\skip48
\f@ncyO@olh=\skip49
\f@ncyO@orh=\skip50
\f@ncyO@elf=\skip51
\f@ncyO@erf=\skip52
\f@ncyO@olf=\skip53
\f@ncyO@orf=\skip54
)
(/usr/share/texmf-texlive/tex/latex/geometry/geometry.sty
Package: geometry 2008/12/21 v4.2 Page Geometry
\Gm@cnth=\count118
\Gm@cntv=\count119
\c@Gm@tempcnt=\count120
\Gm@bindingoffset=\dimen130
\Gm@wd@mp=\dimen131
\Gm@odd@mp=\dimen132
\Gm@even@mp=\dimen133
\Gm@dimlist=\toks29
)
(./final_year_report_draft.aux

LaTeX Warning: Label `chart_light_1' multiply defined.

)
\openout1 = `final_year_report_draft.aux'.

LaTeX Font Info:    Checking defaults for OML/cmm/m/it on input line 27.
LaTeX Font Info:    ... okay on input line 27.
LaTeX Font Info:    Checking defaults for T1/cmr/m/n on input line 27.
LaTeX Font Info:    ... okay on input line 27.
LaTeX Font Info:    Checking defaults for OT1/cmr/m/n on input line 27.
LaTeX Font Info:    ... okay on input line 27.
LaTeX Font Info:    Checking defaults for OMS/cmsy/m/n on input line 27.
LaTeX Font Info:    ... okay on input line 27.
LaTeX Font Info:    Checking defaults for OMX/cmex/m/n on input line 27.
LaTeX Font Info:    ... okay on input line 27.
LaTeX Font Info:    Checking defaults for U/cmr/m/n on input line 27.
LaTeX Font Info:    ... okay on input line 27.
LaTeX Font Info:    Checking defaults for PD1/pdf/m/n on input line 27.
LaTeX Font Info:    ... okay on input line 27.
Package caption Info: Begin \AtBeginDocument code.
Package caption Info: float package is loaded.
Package caption Info: hyperref package is loaded.
Package caption Info: listings package is loaded.
Package caption Info: wrapfig package is loaded.
Package caption Info: End \AtBeginDocument code.
Package hyperref Info: Link coloring OFF on input line 27.
 (/usr/share/texmf-texlive/tex/latex/hyperref/nameref.sty
Package: nameref 2007/05/29 v2.31 Cross-referencing by name of section

(/usr/share/texmf-texlive/tex/latex/oberdiek/refcount.sty
Package: refcount 2008/08/11 v3.1 Data extraction from references (HO)
)
\c@section@level=\count121
)
LaTeX Info: Redefining \ref on input line 27.
LaTeX Info: Redefining \pageref on input line 27.

(./final_year_report_draft.out) (./final_year_report_draft.out)
\@outlinefile=\write3
\openout3 = `final_year_report_draft.out'.

\AtBeginShipoutBox=\box34
\c@lstlisting=\count122

*geometry auto-detecting driver*
*geometry detected driver: dvips*
-------------------- Geometry parameters
paper: a4paper
landscape: --
twocolumn: --
twoside: --
asymmetric: --
h-parts: 90.3375pt, 416.83289pt, 90.3375pt
v-parts: 72.26999pt, 700.50687pt, 72.26999pt
hmarginratio: --
vmarginratio: --
lines: --
heightrounded: --
bindingoffset: 0.0pt
truedimen: --
includehead: --
includefoot: --
includemp: --
driver: dvips
-------------------- Page layout dimensions and switches
\paperwidth  597.50787pt
\paperheight 845.04684pt
\textwidth  416.83289pt
\textheight 700.50687pt
\oddsidemargin  18.0675pt
\evensidemargin 18.0675pt
\topmargin  -37.0pt
\headheight 12.0pt
\headsep    25.0pt
\footskip   30.0pt
\marginparwidth 35.0pt
\marginparsep   10.0pt
\columnsep  10.0pt
\skip\footins  10.8pt plus 4.0pt minus 2.0pt
\hoffset 0.0pt
\voffset 0.0pt
\mag 1000

(1in=72.27pt, 1cm=28.45pt)
-----------------------
LaTeX Font Info:    Try loading font information for U+msa on input line 52.
(/usr/share/texmf-texlive/tex/latex/amsfonts/umsa.fd
File: umsa.fd 2009/06/22 v3.00 AMS symbols A
)
LaTeX Font Info:    Try loading font information for U+msb on input line 52.

(/usr/share/texmf-texlive/tex/latex/amsfonts/umsb.fd
File: umsb.fd 2009/06/22 v3.00 AMS symbols B
) [1

] [1] [1]
(./final_year_report_draft.toc [1

])
\tf@toc=\write4
\openout4 = `final_year_report_draft.toc'.

 [2] (./final_year_report_draft.lof [3

])
\tf@lof=\write5
\openout5 = `final_year_report_draft.lof'.



Package Fancyhdr Warning: \headheight is too small (12.0pt): 
 Make it at least 14.49998pt.
 We now make it that large for the rest of the document.
 This may cause the page layout to be inconsistent, however.

[4]
Chapter 1.

Underfull \hbox (badness 10000) in paragraph at lines 91--97

 []


Underfull \hbox (badness 10000) in paragraph at lines 91--97

 []


Underfull \hbox (badness 10000) in paragraph at lines 91--97

 []


Underfull \hbox (badness 10000) in paragraph at lines 91--97

 []

[5

] [6]
Chapter 2.

LaTeX Warning: Citation `website:carbon_trust' on page 7 undefined on input lin
e 104.


Underfull \hbox (badness 10000) in paragraph at lines 104--110

 []


Underfull \hbox (badness 10000) in paragraph at lines 104--110

 []


Underfull \hbox (badness 10000) in paragraph at lines 104--110

 []

[7

]
Underfull \hbox (badness 10000) in paragraph at lines 114--120

 []


Underfull \hbox (badness 10000) in paragraph at lines 114--120

 []


Underfull \hbox (badness 10000) in paragraph at lines 132--140

 []


Underfull \hbox (badness 10000) in paragraph at lines 132--140

 []


Underfull \hbox (badness 10000) in paragraph at lines 132--140

 []


Underfull \hbox (badness 10000) in paragraph at lines 132--140

 []


Underfull \hbox (badness 10000) in paragraph at lines 132--140

 []

[8] [9]
Chapter 3.
File: architecture_design.eps Graphic file (type eps)
<architecture_design.eps>
Underfull \hbox (badness 10000) in paragraph at lines 144--153

 []


Underfull \hbox (badness 10000) in paragraph at lines 144--153

 []


Underfull \hbox (badness 10000) in paragraph at lines 154--168

 []


Underfull \hbox (badness 10000) in paragraph at lines 154--168

 []


Underfull \hbox (badness 10000) in paragraph at lines 154--168

 []


Underfull \hbox (badness 10000) in paragraph at lines 154--168

 []


Underfull \hbox (badness 10000) in paragraph at lines 154--168

 []


Underfull \hbox (badness 10000) in paragraph at lines 154--168

 []


Underfull \hbox (badness 10000) in paragraph at lines 154--168

 []

[10

] [11]
Chapter 4.
[12

]
File: mq4.eps Graphic file (type eps)
 <mq4.eps>
File: mq4_2.eps Graphic file (type eps)
 <mq4_2.eps>
File: mq4_structure-configuration.eps Graphic file (type eps)
 <mq4_structure-configuration.eps>
Underfull \hbox (badness 10000) in paragraph at lines 225--230

 []

File: mq7.eps Graphic file (type eps)
<mq7.eps>
File: mq7_2.eps Graphic file (type eps)
 <mq7_2.eps>
Underfull \hbox (badness 10000) in paragraph at lines 231--239

 []

[13]
Underfull \hbox (badness 10000) in paragraph at lines 240--245

 []


Underfull \hbox (badness 10000) in paragraph at lines 246--253

 []


Underfull \hbox (badness 10000) in paragraph at lines 254--258

 []

File: pir.eps Graphic file (type eps)
<pir.eps>
File: pir_2.eps Graphic file (type eps)
 <pir_2.eps>
Underfull \hbox (badness 10000) in paragraph at lines 259--267

 []

[14]
Underfull \hbox (badness 10000) in paragraph at lines 268--272

 []

Missing character: There is no Â in font cmr12!
Missing character: There is no ° in font cmr12!
Missing character: There is no â in font cmr12!
Missing character: There is no ˆ in font cmr12!
Missing character: There is no ’ in font cmr12!

Overfull \hbox (2.90178pt too wide) in paragraph at lines 274--280
\OT1/cmr/m/n/12 diode with a break-down volt-age pro-por-tional to ab-so-lute t
em-per-a-ture at 10mV/$[]\OML/cmm/m/it/12 K$\OT1/cmr/m/n/12 .
 []


Underfull \hbox (badness 10000) in paragraph at lines 274--280

 []


Underfull \hbox (badness 10000) in paragraph at lines 281--283

 []

[15]
Underfull \hbox (badness 10000) in paragraph at lines 295--299

 []

File: arduinopromini.eps Graphic file (type eps)
<arduinopromini.eps>
Underfull \hbox (badness 10000) in paragraph at lines 300--307

 []


Underfull \hbox (badness 10000) in paragraph at lines 300--307

 []


Underfull \hbox (badness 10000) in paragraph at lines 308--333

 []


Underfull \hbox (badness 10000) in paragraph at lines 308--333

 []


LaTeX Warning: Citation `website:xbee' on page 16 undefined on input line 337.

File: xbee.eps Graphic file (type eps)
<xbee.eps> [16]
Underfull \hbox (badness 10000) in paragraph at lines 347--350

 []


Underfull \hbox (badness 10000) in paragraph at lines 347--350

 []

[17]
File: realy.eps Graphic file (type eps)
 <realy.eps>
File: relay_2.eps Graphic file (type eps)
 <relay_2.eps>
Underfull \hbox (badness 10000) in paragraph at lines 351--358

 []

File: led.eps Graphic file (type eps)
<led.eps> [18]
Underfull \hbox (badness 10000) in paragraph at lines 382--384

 []

File: arduinomain.eps Graphic file (type eps)
<arduinomain.eps>
Underfull \hbox (badness 10000) in paragraph at lines 392--396

 []

[19]
Underfull \hbox (badness 10000) in paragraph at lines 407--409

 []

File: cooltermtinux.eps Graphic file (type eps)
<cooltermtinux.eps> [20]
Underfull \hbox (badness 10000) in paragraph at lines 416--418

 []


Underfull \hbox (badness 10000) in paragraph at lines 427--428

 []

[21]
Chapter 5.
Missing character: There is no Â in font cmr12!
Missing character: There is no £ in font cmr12!

Underfull \hbox (badness 10000) in paragraph at lines 430--440

 []


Underfull \hbox (badness 10000) in paragraph at lines 430--440

 []


Underfull \hbox (badness 10000) in paragraph at lines 430--440

 []


Underfull \hbox (badness 10000) in paragraph at lines 430--440

 []

[22

]
File: sens_brd_s1.eps Graphic file (type eps)
 <sens_brd_s1.eps>
Underfull \hbox (badness 10000) in paragraph at lines 442--451

 []

File: sens_brd_s2.eps Graphic file (type eps)
<sens_brd_s2.eps> [23]
File: sens_brd_s3.eps Graphic file (type eps)
 <sens_brd_s3.eps>
Underfull \hbox (badness 10000) in paragraph at lines 460--468

 []

File: sens_brd_s4.eps Graphic file (type eps)
<sens_brd_s4.eps>
Underfull \hbox (badness 10000) in paragraph at lines 469--477

 []

[24]
File: sens_brd_s5.eps Graphic file (type eps)
 <sens_brd_s5.eps>
Underfull \hbox (badness 10000) in paragraph at lines 478--486

 []


Underfull \hbox (badness 10000) in paragraph at lines 487--489

 []


Underfull \hbox (badness 10000) in paragraph at lines 490--497

 []

[25]
File: sens_brd_s7.eps Graphic file (type eps)
 <sens_brd_s7.eps>
Underfull \hbox (badness 10000) in paragraph at lines 498--506

 []

File: sens_brd_s8.eps Graphic file (type eps)
<sens_brd_s8.eps>
Underfull \hbox (badness 10000) in paragraph at lines 507--515

 []


Underfull \hbox (badness 10000) in paragraph at lines 507--515

 []

[26]
Underfull \hbox (badness 10000) in paragraph at lines 516--520

 []


Underfull \hbox (badness 10000) in paragraph at lines 516--520

 []

File: control_brd_s1.eps Graphic file (type eps)
<control_brd_s1.eps>
Underfull \hbox (badness 10000) in paragraph at lines 521--528

 []


Underfull \hbox (badness 10000) in paragraph at lines 521--528

 []

[27]
File: control_brd_s2.eps Graphic file (type eps)
 <control_brd_s2.eps>
Underfull \hbox (badness 10000) in paragraph at lines 529--535

 []

File: control_brd_s3.eps Graphic file (type eps)
<control_brd_s3.eps>
Underfull \hbox (badness 10000) in paragraph at lines 536--542

 []

[28]
File: control_brd_s4.eps Graphic file (type eps)
 <control_brd_s4.eps>
Underfull \hbox (badness 10000) in paragraph at lines 543--549

 []

File: arduino_header.eps Graphic file (type eps)
<arduino_header.eps>
Underfull \hbox (badness 10000) in paragraph at lines 550--558

 []


Underfull \hbox (badness 10000) in paragraph at lines 550--558

 []

[29]
File: action_brd_s1.eps Graphic file (type eps)
 <action_brd_s1.eps>
Underfull \hbox (badness 10000) in paragraph at lines 561--568

 []


Underfull \hbox (badness 10000) in paragraph at lines 561--568

 []

File: action_brd_s2.eps Graphic file (type eps)
<action_brd_s2.eps>
Underfull \hbox (badness 10000) in paragraph at lines 569--575

 []

[30]
File: action_brd_s3.eps Graphic file (type eps)
 <action_brd_s3.eps>
Underfull \hbox (badness 10000) in paragraph at lines 576--582

 []


Underfull \hbox (badness 10000) in paragraph at lines 583--593

 []


Underfull \hbox (badness 10000) in paragraph at lines 597--603

 []


Underfull \hbox (badness 10000) in paragraph at lines 597--603

 []

[31]
Underfull \hbox (badness 10000) in paragraph at lines 604--608

 []


Underfull \hbox (badness 10000) in paragraph at lines 609--626

 []


Underfull \hbox (badness 10000) in paragraph at lines 609--626

 []


Underfull \hbox (badness 10000) in paragraph at lines 609--626

 []


Underfull \hbox (badness 10000) in paragraph at lines 609--626

 []


Underfull \hbox (badness 10000) in paragraph at lines 609--626

 []


Underfull \hbox (badness 10000) in paragraph at lines 609--626

 []


Underfull \hbox (badness 10000) in paragraph at lines 609--626

 []


Underfull \hbox (badness 10000) in paragraph at lines 609--626

 []


Underfull \hbox (badness 10000) in paragraph at lines 609--626

 []

[32]
Underfull \hbox (badness 10000) in paragraph at lines 627--629

 []

[33]
Chapter 6.
File: sens_brd_complete.eps Graphic file (type eps)
<sens_brd_complete.eps>
File: control_brd_complete.eps Graphic file (type eps)
 <control_brd_complete.eps>
Underfull \hbox (badness 10000) in paragraph at lines 640--646

 []

[34

]
File: action_brd_complete.eps Graphic file (type eps)
 <action_brd_complete.eps>
Underfull \hbox (badness 10000) in paragraph at lines 647--653

 []

File: apollo_complete.eps Graphic file (type eps)
<apollo_complete.eps>
Underfull \hbox (badness 10000) in paragraph at lines 654--663

 []

[35]
Underfull \hbox (badness 10000) in paragraph at lines 664--671

 []


Underfull \hbox (badness 10000) in paragraph at lines 664--671

 []


Underfull \hbox (badness 10000) in paragraph at lines 664--671

 []


Underfull \hbox (badness 10000) in paragraph at lines 673--681

 []

[36]
Underfull \hbox (badness 10000) in paragraph at lines 712--714

 []


Underfull \hbox (badness 10000) in paragraph at lines 758--760

 []

[37]
Underfull \hbox (badness 10000) in paragraph at lines 804--806

 []


Package hyperref Warning: Token not allowed in a PDF string (PDFDocEncoding):
(hyperref)                removing `math shift' on input line 806.


Package hyperref Warning: Token not allowed in a PDF string (PDFDocEncoding):
(hyperref)                removing `subscript' on input line 806.


Package hyperref Warning: Token not allowed in a PDF string (PDFDocEncoding):
(hyperref)                removing `math shift' on input line 806.

[38]
Underfull \hbox (badness 10000) in paragraph at lines 847--849

 []

[39]
Chapter 7.

Underfull \hbox (badness 10000) in paragraph at lines 856--868

 []


Underfull \hbox (badness 10000) in paragraph at lines 856--868

 []


Underfull \hbox (badness 10000) in paragraph at lines 856--868

 []


Underfull \hbox (badness 10000) in paragraph at lines 856--868

 []


Underfull \hbox (badness 10000) in paragraph at lines 856--868

 []

[40

] [41] (./final_year_report_draft.bbl
Underfull \hbox (badness 10000) in paragraph at lines 9--12
[]\OT1/cmr/m/sc/12 Arduino\OT1/cmr/m/n/12 .  Ar-duino de-vel-op-ment en-vi-ron-
ment.
 []


Underfull \hbox (badness 10000) in paragraph at lines 14--17
[]\OT1/cmr/m/sc/12 CadSoft\OT1/cmr/m/n/12 .  Home of cad-soft ea-gle pcb de-sig
n soft-ware.
 []

Missing character: There is no â in font cmr12!
Missing character: There is no € in font cmr12!
Missing character: There is no “ in font cmr12!

Underfull \hbox (badness 4072) in paragraph at lines 34--37
[]\OT1/cmr/m/sc/12 HANWEI, Elec-tron-ics, C.  \OT1/cmr/m/n/12 Tech-ni-cal data 
mq-7 gas sen-sor.
 []


Underfull \hbox (badness 10000) in paragraph at lines 49--52
[]\OT1/cmr/m/sc/12 Sparkfun\OT1/cmr/m/n/12 .  Car-bon monox-ide sen-sor - mq-7.

 []


Underfull \hbox (badness 10000) in paragraph at lines 54--57
[]\OT1/cmr/m/sc/12 Sparkfun\OT1/cmr/m/n/12 .  Methane cng gas sen-sor - mq-4.
 []


Underfull \hbox (badness 10000) in paragraph at lines 64--67
[]\OT1/cmr/m/sc/12 Sutter, J. D.  \OT1/cmr/m/n/12 'smart dust' aims to mon-i-to
r ev-ery-thing.
 []


Overfull \hbox (60.71739pt too wide) in paragraph at lines 69--72
[]\OT1/cmr/m/sc/12 Wikipedia\OT1/cmr/m/n/12 .  In-ter-net of things.  [][][][].
 
 []

) [42

] [43

] (./final_year_report_draft.aux)

LaTeX Warning: There were undefined references.


LaTeX Warning: There were multiply-defined labels.

 ) 
Here is how much of TeX's memory you used:
 7556 strings out of 495062
 110785 string characters out of 1182644
 194978 words of memory out of 3000000
 10586 multiletter control sequences out of 15000+50000
 14490 words of font info for 54 fonts, out of 3000000 for 9000
 28 hyphenation exceptions out of 8191
 38i,11n,43p,891b,381s stack positions out of 5000i,500n,10000p,200000b,50000s

Output written on final_year_report_draft.dvi (46 pages, 150912 bytes).
