\BOOKMARK [0][-]{chapter.1}{Introduction}{}
\BOOKMARK [1][-]{section.1.1}{Project Aims and Objectives}{chapter.1}
\BOOKMARK [0][-]{chapter.2}{Literature review}{}
\BOOKMARK [1][-]{section.2.1}{Energy efficiency}{chapter.2}
\BOOKMARK [1][-]{section.2.2}{Ventilation and air quality standards}{chapter.2}
\BOOKMARK [1][-]{section.2.3}{Internet of Things}{chapter.2}
\BOOKMARK [1][-]{section.2.4}{Wireless Sensor Network}{chapter.2}
\BOOKMARK [0][-]{chapter.3}{System Architecture}{}
\BOOKMARK [0][-]{chapter.4}{System Specifications}{}
\BOOKMARK [1][-]{section.4.1}{The sensor board}{chapter.4}
\BOOKMARK [2][-]{subsection.4.1.1}{MQ - 4 Methane \(Compressed Natural Gas\) sensor}{section.4.1}
\BOOKMARK [2][-]{subsection.4.1.2}{MQ - 7 Carbon Monoxide sensor}{section.4.1}
\BOOKMARK [2][-]{subsection.4.1.3}{LDR - Light Dependent Resistor}{section.4.1}
\BOOKMARK [2][-]{subsection.4.1.4}{PIR - Passive InfraRed motion sensor}{section.4.1}
\BOOKMARK [2][-]{subsection.4.1.5}{LM335 - Precision Temperature Sensor}{section.4.1}
\BOOKMARK [1][-]{section.4.2}{The control board}{chapter.4}
\BOOKMARK [2][-]{subsection.4.2.1}{Arduino Pro Mini}{section.4.2}
\BOOKMARK [2][-]{subsection.4.2.2}{XBee RF Module}{section.4.2}
\BOOKMARK [1][-]{section.4.3}{The action board}{chapter.4}
\BOOKMARK [2][-]{subsection.4.3.1}{Relay SPDT Sealed}{section.4.3}
\BOOKMARK [1][-]{section.4.4}{Software}{chapter.4}
\BOOKMARK [2][-]{subsection.4.4.1}{Arduino IDE}{section.4.4}
\BOOKMARK [2][-]{subsection.4.4.2}{CoolTerm}{section.4.4}
\BOOKMARK [2][-]{subsection.4.4.3}{Eagle PCB Software}{section.4.4}
\BOOKMARK [0][-]{chapter.5}{System Design}{}
\BOOKMARK [1][-]{section.5.1}{Sensor board}{chapter.5}
\BOOKMARK [2][-]{subsection.5.1.1}{Schematic implementation}{section.5.1}
\BOOKMARK [2][-]{subsection.5.1.2}{Board implementation}{section.5.1}
\BOOKMARK [1][-]{section.5.2}{Control board}{chapter.5}
\BOOKMARK [1][-]{section.5.3}{Action board}{chapter.5}
\BOOKMARK [1][-]{section.5.4}{Arduino code}{chapter.5}
\BOOKMARK [2][-]{subsection.5.4.1}{Initialisation}{section.5.4}
\BOOKMARK [2][-]{subsection.5.4.2}{setup\(\)}{section.5.4}
\BOOKMARK [2][-]{subsection.5.4.3}{loop\(\)}{section.5.4}
\BOOKMARK [1][-]{section.5.5}{Database}{chapter.5}
\BOOKMARK [0][-]{chapter.6}{Results}{}
\BOOKMARK [1][-]{section.6.1}{PIR}{chapter.6}
\BOOKMARK [1][-]{section.6.2}{Light}{chapter.6}
\BOOKMARK [1][-]{section.6.3}{Temperature}{chapter.6}
\BOOKMARK [1][-]{section.6.4}{CH4}{chapter.6}
\BOOKMARK [1][-]{section.6.5}{CO}{chapter.6}
\BOOKMARK [0][-]{chapter.7}{Conclusions \046 Future improvements}{}
